#-----------------------------------------------------------
# Vivado v2017.3 (64-bit)
# SW Build 2018833 on Wed Oct  4 19:58:22 MDT 2017
# IP Build 2016188 on Wed Oct  4 21:52:56 MDT 2017
# Start of session at: Fri Jan 12 06:56:35 2018
# Process ID: 6068
# Current directory: C:/Users/honey/Desktop/selfCPU/CPU
# Command line: vivado.exe -gui_launcher_event rodinguilauncherevent9112 C:\Users\honey\Desktop\selfCPU\CPU\CPU.xpr
# Log file: C:/Users/honey/Desktop/selfCPU/CPU/vivado.log
# Journal file: C:/Users/honey/Desktop/selfCPU/CPU\vivado.jou
#-----------------------------------------------------------
start_gui
open_project C:/Users/honey/Desktop/selfCPU/CPU/CPU.xpr
Scanning sources...
Finished scanning sources
INFO: [IP_Flow 19-234] Refreshing IP repositories
INFO: [IP_Flow 19-1704] No user IP repositories specified
INFO: [IP_Flow 19-2313] Loaded Vivado IP repository 'F:/Vivado/Vivado/2017.3/data/ip'.
open_project: Time (s): cpu = 00:00:12 ; elapsed = 00:00:05 . Memory (MB): peak = 831.395 ; gain = 111.141
update_compile_order -fileset sources_1
exit
INFO: [Common 17-206] Exiting Vivado at Fri Jan 12 07:03:29 2018...
